  TestAdjListDirNetwork.cpp
d:\workstation\gitrepositories\datastructurealgorithmstudy\整理ds教学代码\整理\整理\AdjListDirNetwork.h(251): warning C4101: “q”: 未引用的局部变量
  d:\workstation\gitrepositories\datastructurealgorithmstudy\整理ds教学代码\整理\整理\AdjListDirNetwork.h(241): note: 编译类 模板 成员函数“void AdjListDirNetwork<char,int>::InsertArc(int,int,WeightType)”时
          with
          [
              WeightType=int
          ]
  TestAdjListDirNetwork.cpp(22): note: 参见对正在编译的函数 模板 实例化“void AdjListDirNetwork<char,int>::InsertArc(int,int,WeightType)”的引用
          with
          [
              WeightType=int
          ]
  TestAdjListDirNetwork.cpp(18): note: 参见对正在编译的类 模板 实例化“AdjListDirNetwork<char,int>”的引用
d:\workstation\gitrepositories\datastructurealgorithmstudy\整理ds教学代码\整理\整理\AdjListDirNetwork.h(262): warning C4101: “q”: 未引用的局部变量
  d:\workstation\gitrepositories\datastructurealgorithmstudy\整理ds教学代码\整理\整理\AdjListDirNetwork.h(260): note: 编译类 模板 成员函数“void AdjListDirNetwork<char,int>::DeleteVex(const ElemType &)”时
          with
          [
              ElemType=char
          ]
  TestAdjListDirNetwork.cpp(63): note: 参见对正在编译的函数 模板 实例化“void AdjListDirNetwork<char,int>::DeleteVex(const ElemType &)”的引用
          with
          [
              ElemType=char
          ]
  TestAdjMatrixUndirGraph.cpp
  TestBFS.cpp
  TestCriticalPath.cpp
d:\workstation\gitrepositories\datastructurealgorithmstudy\整理ds教学代码\整理\整理\AdjListDirNetwork.h(251): warning C4101: “q”: 未引用的局部变量
  d:\workstation\gitrepositories\datastructurealgorithmstudy\整理ds教学代码\整理\整理\AdjListDirNetwork.h(241): note: 编译类 模板 成员函数“void AdjListDirNetwork<char,int>::InsertArc(int,int,WeightType)”时
          with
          [
              WeightType=int
          ]
  TestCriticalPath.cpp(24): note: 参见对正在编译的函数 模板 实例化“void AdjListDirNetwork<char,int>::InsertArc(int,int,WeightType)”的引用
          with
          [
              WeightType=int
          ]
  TestCriticalPath.cpp(20): note: 参见对正在编译的类 模板 实例化“AdjListDirNetwork<char,int>”的引用
  TestDFS.cpp
  TestKruskal.cpp
  TestPrim.cpp
  TestShortestPathBellmanFord.cpp
d:\workstation\gitrepositories\datastructurealgorithmstudy\整理ds教学代码\整理\整理\AdjListDirNetwork.h(251): warning C4101: “q”: 未引用的局部变量
  d:\workstation\gitrepositories\datastructurealgorithmstudy\整理ds教学代码\整理\整理\AdjListDirNetwork.h(241): note: 编译类 模板 成员函数“void AdjListDirNetwork<char,int>::InsertArc(int,int,WeightType)”时
          with
          [
              WeightType=int
          ]
  TestShortestPathBellmanFord.cpp(25): note: 参见对正在编译的函数 模板 实例化“void AdjListDirNetwork<char,int>::InsertArc(int,int,WeightType)”的引用
          with
          [
              WeightType=int
          ]
  TestShortestPathBellmanFord.cpp(20): note: 参见对正在编译的类 模板 实例化“AdjListDirNetwork<char,int>”的引用
d:\workstation\gitrepositories\datastructurealgorithmstudy\整理ds教学代码\整理\整理\ShortestPathBellmanFord.h(47): warning C4101: “minVal”: 未引用的局部变量
  TestShortestPathBellmanFord.cpp(35): note: 参见对正在编译的函数 模板 实例化“void ShortestPathBellmanFord<char,int>(const AdjListDirNetwork<char,int> &,int,int *,WeightType *)”的引用
          with
          [
              WeightType=int
          ]
  TestShortestPathDij.cpp
d:\workstation\gitrepositories\datastructurealgorithmstudy\整理ds教学代码\整理\整理\AdjListDirNetwork.h(251): warning C4101: “q”: 未引用的局部变量
  d:\workstation\gitrepositories\datastructurealgorithmstudy\整理ds教学代码\整理\整理\AdjListDirNetwork.h(241): note: 编译类 模板 成员函数“void AdjListDirNetwork<char,int>::InsertArc(int,int,WeightType)”时
          with
          [
              WeightType=int
          ]
  TestShortestPathDij.cpp(24): note: 参见对正在编译的函数 模板 实例化“void AdjListDirNetwork<char,int>::InsertArc(int,int,WeightType)”的引用
          with
          [
              WeightType=int
          ]
  TestShortestPathDij.cpp(18): note: 参见对正在编译的类 模板 实例化“AdjListDirNetwork<char,int>”的引用
  TestShortestPathFloyd.cpp
d:\workstation\gitrepositories\datastructurealgorithmstudy\整理ds教学代码\整理\整理\AdjListDirNetwork.h(251): warning C4101: “q”: 未引用的局部变量
  d:\workstation\gitrepositories\datastructurealgorithmstudy\整理ds教学代码\整理\整理\AdjListDirNetwork.h(241): note: 编译类 模板 成员函数“void AdjListDirNetwork<char,int>::InsertArc(int,int,WeightType)”时
          with
          [
              WeightType=int
          ]
  TestShortestPathFloyd.cpp(23): note: 参见对正在编译的函数 模板 实例化“void AdjListDirNetwork<char,int>::InsertArc(int,int,WeightType)”的引用
          with
          [
              WeightType=int
          ]
  TestShortestPathFloyd.cpp(19): note: 参见对正在编译的类 模板 实例化“AdjListDirNetwork<char,int>”的引用
  TestTopSort.cpp
TestAdjMatrixUndirGraph.obj : error LNK2005: "public: void __thiscall Error::Show(void)const " (?Show@Error@@QBEXXZ) 已经在 TestAdjListDirNetwork.obj 中定义
TestAdjMatrixUndirGraph.obj : error LNK2005: "public: __thiscall Error::Error(char const *)" (??0Error@@QAE@PBD@Z) 已经在 TestAdjListDirNetwork.obj 中定义
TestAdjMatrixUndirGraph.obj : error LNK2005: "char __cdecl GetChar(class std::basic_istream<char,struct std::char_traits<char> > &)" (?GetChar@@YADAAV?$basic_istream@DU?$char_traits@D@std@@@std@@@Z) 已经在 TestAdjListDirNetwork.obj 中定义
TestBFS.obj : error LNK2005: "public: void __thiscall Error::Show(void)const " (?Show@Error@@QBEXXZ) 已经在 TestAdjListDirNetwork.obj 中定义
TestBFS.obj : error LNK2005: "public: __thiscall Error::Error(char const *)" (??0Error@@QAE@PBD@Z) 已经在 TestAdjListDirNetwork.obj 中定义
TestBFS.obj : error LNK2005: "char __cdecl GetChar(class std::basic_istream<char,struct std::char_traits<char> > &)" (?GetChar@@YADAAV?$basic_istream@DU?$char_traits@D@std@@@std@@@Z) 已经在 TestAdjListDirNetwork.obj 中定义
TestCriticalPath.obj : error LNK2005: "public: void __thiscall Error::Show(void)const " (?Show@Error@@QBEXXZ) 已经在 TestAdjListDirNetwork.obj 中定义
TestCriticalPath.obj : error LNK2005: "public: __thiscall Error::Error(char const *)" (??0Error@@QAE@PBD@Z) 已经在 TestAdjListDirNetwork.obj 中定义
TestCriticalPath.obj : error LNK2005: "char __cdecl GetChar(class std::basic_istream<char,struct std::char_traits<char> > &)" (?GetChar@@YADAAV?$basic_istream@DU?$char_traits@D@std@@@std@@@Z) 已经在 TestAdjListDirNetwork.obj 中定义
TestDFS.obj : error LNK2005: "public: void __thiscall Error::Show(void)const " (?Show@Error@@QBEXXZ) 已经在 TestAdjListDirNetwork.obj 中定义
TestDFS.obj : error LNK2005: "public: __thiscall Error::Error(char const *)" (??0Error@@QAE@PBD@Z) 已经在 TestAdjListDirNetwork.obj 中定义
TestDFS.obj : error LNK2005: "char __cdecl GetChar(class std::basic_istream<char,struct std::char_traits<char> > &)" (?GetChar@@YADAAV?$basic_istream@DU?$char_traits@D@std@@@std@@@Z) 已经在 TestAdjListDirNetwork.obj 中定义
TestKruskal.obj : error LNK2005: "public: void __thiscall Error::Show(void)const " (?Show@Error@@QBEXXZ) 已经在 TestAdjListDirNetwork.obj 中定义
TestKruskal.obj : error LNK2005: "public: __thiscall Error::Error(char const *)" (??0Error@@QAE@PBD@Z) 已经在 TestAdjListDirNetwork.obj 中定义
TestKruskal.obj : error LNK2005: "char __cdecl GetChar(class std::basic_istream<char,struct std::char_traits<char> > &)" (?GetChar@@YADAAV?$basic_istream@DU?$char_traits@D@std@@@std@@@Z) 已经在 TestAdjListDirNetwork.obj 中定义
TestPrim.obj : error LNK2005: "public: void __thiscall Error::Show(void)const " (?Show@Error@@QBEXXZ) 已经在 TestAdjListDirNetwork.obj 中定义
TestPrim.obj : error LNK2005: "public: __thiscall Error::Error(char const *)" (??0Error@@QAE@PBD@Z) 已经在 TestAdjListDirNetwork.obj 中定义
TestPrim.obj : error LNK2005: "char __cdecl GetChar(class std::basic_istream<char,struct std::char_traits<char> > &)" (?GetChar@@YADAAV?$basic_istream@DU?$char_traits@D@std@@@std@@@Z) 已经在 TestAdjListDirNetwork.obj 中定义
TestShortestPathBellmanFord.obj : error LNK2005: "public: void __thiscall Error::Show(void)const " (?Show@Error@@QBEXXZ) 已经在 TestAdjListDirNetwork.obj 中定义
TestShortestPathBellmanFord.obj : error LNK2005: "public: __thiscall Error::Error(char const *)" (??0Error@@QAE@PBD@Z) 已经在 TestAdjListDirNetwork.obj 中定义
TestShortestPathBellmanFord.obj : error LNK2005: "char __cdecl GetChar(class std::basic_istream<char,struct std::char_traits<char> > &)" (?GetChar@@YADAAV?$basic_istream@DU?$char_traits@D@std@@@std@@@Z) 已经在 TestAdjListDirNetwork.obj 中定义
TestShortestPathDij.obj : error LNK2005: "public: void __thiscall Error::Show(void)const " (?Show@Error@@QBEXXZ) 已经在 TestAdjListDirNetwork.obj 中定义
TestShortestPathDij.obj : error LNK2005: "public: __thiscall Error::Error(char const *)" (??0Error@@QAE@PBD@Z) 已经在 TestAdjListDirNetwork.obj 中定义
TestShortestPathDij.obj : error LNK2005: "char __cdecl GetChar(class std::basic_istream<char,struct std::char_traits<char> > &)" (?GetChar@@YADAAV?$basic_istream@DU?$char_traits@D@std@@@std@@@Z) 已经在 TestAdjListDirNetwork.obj 中定义
TestShortestPathFloyd.obj : error LNK2005: "public: void __thiscall Error::Show(void)const " (?Show@Error@@QBEXXZ) 已经在 TestAdjListDirNetwork.obj 中定义
TestShortestPathFloyd.obj : error LNK2005: "public: __thiscall Error::Error(char const *)" (??0Error@@QAE@PBD@Z) 已经在 TestAdjListDirNetwork.obj 中定义
TestShortestPathFloyd.obj : error LNK2005: "char __cdecl GetChar(class std::basic_istream<char,struct std::char_traits<char> > &)" (?GetChar@@YADAAV?$basic_istream@DU?$char_traits@D@std@@@std@@@Z) 已经在 TestAdjListDirNetwork.obj 中定义
TestTopSort.obj : error LNK2005: "public: void __thiscall Error::Show(void)const " (?Show@Error@@QBEXXZ) 已经在 TestAdjListDirNetwork.obj 中定义
TestTopSort.obj : error LNK2005: "public: __thiscall Error::Error(char const *)" (??0Error@@QAE@PBD@Z) 已经在 TestAdjListDirNetwork.obj 中定义
TestTopSort.obj : error LNK2005: "char __cdecl GetChar(class std::basic_istream<char,struct std::char_traits<char> > &)" (?GetChar@@YADAAV?$basic_istream@DU?$char_traits@D@std@@@std@@@Z) 已经在 TestAdjListDirNetwork.obj 中定义
D:\workstation\gitRepositories\dataStructureAlgorithmStudy\整理ds教学代码\整理\Release\整理.exe : fatal error LNK1169: 找到一个或多个多重定义的符号
